Arguments: 
  /Users/dan/.nvm/v8.11.1/bin/node /Users/dan/.yarn/bin/yarn.js remove styled-components

PATH: 
  /Users/dan/google-cloud-sdk/bin:/usr/local/heroku/bin:/Users/dan/.nvm/v8.11.1/bin:/Users/dan/.yarn/bin:/usr/local/bin:/Users/dan/bin:/usr/local/bin:/usr/bin:/bin:/usr/sbin:/sbin:/Applications/Genymotion.app/Contents/MacOS/tools/adb:/opt/X11/bin:/usr/local/git/bin:/Applications/Postgres.app/Contents/Versions/9.4/bin:/Applications/Postgres.app/Contents/Versions/9.4/bin:/Users/dan/Library/Android/sdk/tools:/Users/dan/Library/Android/sdk/platform-tools

Yarn version: 
  1.5.1

Node version: 
  8.11.1

Platform: 
  darwin x64

npm manifest: 
  No manifest

yarn manifest: 
  No manifest

Lockfile: 
  No lockfile

Trace: 
  Error: No lockfile in this directory. Run `yarn install` to generate one.
      at new MessageError (/Users/dan/.yarn/lib/cli.js:186:110)
      at /Users/dan/.yarn/lib/cli.js:89389:13
      at <anonymous>
