Arguments: 
  /Users/dan/.nvm/v8.11.1/bin/node /Users/dan/.yarn/bin/yarn.js clean cache

PATH: 
  /Users/dan/google-cloud-sdk/bin:/usr/local/heroku/bin:/Users/dan/.nvm/v8.11.1/bin:/Users/dan/.yarn/bin:/usr/local/bin:/Users/dan/google-cloud-sdk/bin:/usr/local/heroku/bin:/Users/dan/.yarn/bin:/usr/local/bin:/Users/dan/google-cloud-sdk/bin:/usr/local/heroku/bin:/Users/dan/.yarn/bin:/usr/local/bin:/Users/dan/bin:/usr/local/bin:/usr/bin:/bin:/usr/sbin:/sbin:/Applications/Genymotion.app/Contents/MacOS/tools/adb:/opt/X11/bin:/usr/local/git/bin:/Applications/Postgres.app/Contents/Versions/9.4/bin:/Applications/Postgres.app/Contents/Versions/9.4/bin:/Users/dan/Library/Android/sdk/tools:/Users/dan/Library/Android/sdk/platform-tools:/Applications/Postgres.app/Contents/Versions/9.4/bin:/Applications/Postgres.app/Contents/Versions/9.4/bin:/Users/dan/Library/Android/sdk/tools:/Users/dan/Library/Android/sdk/platform-tools:/Applications/Postgres.app/Contents/Versions/9.4/bin:/Applications/Postgres.app/Contents/Versions/9.4/bin:/Users/dan/Library/Android/sdk/tools:/Users/dan/Library/Android/sdk/platform-tools

Yarn version: 
  1.5.1

Node version: 
  8.11.1

Platform: 
  darwin x64

npm manifest: 
  {
    "main": "node_modules/expo/AppEntry.js",
    "private": true,
    "dependencies": {
      "expo": "^27.0.1",
      "react": "16.3.1",
      "react-native": "https://github.com/expo/react-native/archive/sdk-27.0.0.tar.gz"
    }
  }

yarn manifest: 
  No manifest

Lockfile: 
  No lockfile

Trace: 
  Error: Command "clean" not found.
      at new MessageError (/Users/dan/.yarn/lib/cli.js:186:110)
      at /Users/dan/.yarn/lib/cli.js:87307:17
      at Generator.next (<anonymous>)
      at step (/Users/dan/.yarn/lib/cli.js:98:30)
      at /Users/dan/.yarn/lib/cli.js:116:14
      at new Promise (<anonymous>)
      at new F (/Users/dan/.yarn/lib/cli.js:23451:28)
      at /Users/dan/.yarn/lib/cli.js:95:12
      at runCommand (/Users/dan/.yarn/lib/cli.js:87312:22)
      at Object.<anonymous> (/Users/dan/.yarn/lib/cli.js:87412:14)
